[ 2018-08-29T15:12:20+08:00 ] 127.0.0.1 http://config.pinyin.sogou.com/api/toolbox/geturl.php?h=6B0BCDD0F56CC8B5677A14D45633BAF1&v=8.3.0.9412&r=0000__2.0.13
INFO: [ app_init ] --START--
INFO: Run Behavior\BuildLiteBehavior [ RunTime:0.001000s ]
INFO: [ app_init ] --END-- [ RunTime:0.001000s ]
ERR: 无法加载模块:Api

[ 2018-08-29T15:56:28+08:00 ] 127.0.0.1 http://s.wisdom.www.sogou.com/sugg?ifc=4&em=4
INFO: [ app_init ] --START--
INFO: Run Behavior\BuildLiteBehavior [ RunTime:0.000000s ]
INFO: [ app_init ] --END-- [ RunTime:0.000000s ]
ERR: 无法加载模块:Sugg

[ 2018-08-29T15:56:28+08:00 ] 127.0.0.1 http://s.wisdom.www.sogou.com/sugg?ifc=4&em=4
INFO: [ app_init ] --START--
INFO: Run Behavior\BuildLiteBehavior [ RunTime:0.000000s ]
INFO: [ app_init ] --END-- [ RunTime:0.001001s ]
ERR: 无法加载模块:Sugg

[ 2018-08-29T15:56:29+08:00 ] 127.0.0.1 http://s.wisdom.www.sogou.com/sugg?ifc=4&em=4
INFO: [ app_init ] --START--
INFO: Run Behavior\BuildLiteBehavior [ RunTime:0.000000s ]
INFO: [ app_init ] --END-- [ RunTime:0.000000s ]
ERR: 无法加载模块:Sugg

[ 2018-08-29T15:56:30+08:00 ] 127.0.0.1 http://s.wisdom.www.sogou.com/sugg?ifc=4&em=4
INFO: [ app_init ] --START--
INFO: Run Behavior\BuildLiteBehavior [ RunTime:0.000000s ]
INFO: [ app_init ] --END-- [ RunTime:0.001000s ]
ERR: 无法加载模块:Sugg

[ 2018-08-29T15:56:31+08:00 ] 127.0.0.1 http://s.wisdom.www.sogou.com/sugg?ifc=4&em=4
INFO: [ app_init ] --START--
INFO: Run Behavior\BuildLiteBehavior [ RunTime:0.000000s ]
INFO: [ app_init ] --END-- [ RunTime:0.000000s ]
ERR: 无法加载模块:Sugg

[ 2018-08-29T15:56:31+08:00 ] 127.0.0.1 http://s.wisdom.www.sogou.com/sugg?ifc=4&em=4
INFO: [ app_init ] --START--
INFO: Run Behavior\BuildLiteBehavior [ RunTime:0.001000s ]
INFO: [ app_init ] --END-- [ RunTime:0.001000s ]
ERR: 无法加载模块:Sugg

[ 2018-08-29T16:02:11+08:00 ] 127.0.0.1 http://s.wisdom.www.sogou.com/sugg?ifc=4&em=4
INFO: [ app_init ] --START--
INFO: Run Behavior\BuildLiteBehavior [ RunTime:0.000000s ]
INFO: [ app_init ] --END-- [ RunTime:0.001000s ]
ERR: 无法加载模块:Sugg

[ 2018-08-29T16:02:11+08:00 ] 127.0.0.1 http://s.wisdom.www.sogou.com/sugg?ifc=4&em=4
INFO: [ app_init ] --START--
INFO: Run Behavior\BuildLiteBehavior [ RunTime:0.000000s ]
INFO: [ app_init ] --END-- [ RunTime:0.001000s ]
ERR: 无法加载模块:Sugg

[ 2018-08-29T16:20:54+08:00 ] 127.0.0.1 http://s.wisdom.www.sogou.com/sugg?ifc=4&em=4
INFO: [ app_init ] --START--
INFO: Run Behavior\BuildLiteBehavior [ RunTime:0.000000s ]
INFO: [ app_init ] --END-- [ RunTime:0.000000s ]
ERR: 无法加载模块:Sugg

[ 2018-08-29T16:20:54+08:00 ] 127.0.0.1 http://s.wisdom.www.sogou.com/sugg?ifc=4&em=4
INFO: [ app_init ] --START--
INFO: Run Behavior\BuildLiteBehavior [ RunTime:0.000000s ]
INFO: [ app_init ] --END-- [ RunTime:0.001000s ]
ERR: 无法加载模块:Sugg

[ 2018-08-29T16:20:54+08:00 ] 127.0.0.1 http://s.wisdom.www.sogou.com/sugg?ifc=4&em=4
INFO: [ app_init ] --START--
INFO: Run Behavior\BuildLiteBehavior [ RunTime:0.000000s ]
INFO: [ app_init ] --END-- [ RunTime:0.001000s ]
ERR: 无法加载模块:Sugg

[ 2018-08-29T16:20:54+08:00 ] 127.0.0.1 http://s.wisdom.www.sogou.com/sugg?ifc=4&em=4
INFO: [ app_init ] --START--
INFO: Run Behavior\BuildLiteBehavior [ RunTime:0.000000s ]
INFO: [ app_init ] --END-- [ RunTime:0.000000s ]
ERR: 无法加载模块:Sugg

[ 2018-08-29T16:20:55+08:00 ] 127.0.0.1 http://s.wisdom.www.sogou.com/sugg?ifc=4&em=4
INFO: [ app_init ] --START--
INFO: Run Behavior\BuildLiteBehavior [ RunTime:0.000000s ]
INFO: [ app_init ] --END-- [ RunTime:0.001000s ]
ERR: 无法加载模块:Sugg

[ 2018-08-29T16:20:55+08:00 ] 127.0.0.1 http://s.wisdom.www.sogou.com/sugg?ifc=4&em=4
INFO: [ app_init ] --START--
INFO: Run Behavior\BuildLiteBehavior [ RunTime:0.000000s ]
INFO: [ app_init ] --END-- [ RunTime:0.000000s ]
ERR: 无法加载模块:Sugg

[ 2018-08-29T16:25:19+08:00 ] 127.0.0.1 http://s.wisdom.www.sogou.com/sugg?ifc=4&em=4
INFO: [ app_init ] --START--
INFO: Run Behavior\BuildLiteBehavior [ RunTime:0.000000s ]
INFO: [ app_init ] --END-- [ RunTime:0.001000s ]
ERR: 无法加载模块:Sugg

[ 2018-08-29T16:25:20+08:00 ] 127.0.0.1 http://s.wisdom.www.sogou.com/sugg?ifc=4&em=4
INFO: [ app_init ] --START--
INFO: Run Behavior\BuildLiteBehavior [ RunTime:0.000000s ]
INFO: [ app_init ] --END-- [ RunTime:0.000000s ]
ERR: 无法加载模块:Sugg

[ 2018-08-29T16:25:34+08:00 ] 127.0.0.1 http://s.wisdom.www.sogou.com/sugg?ifc=4&em=4
INFO: [ app_init ] --START--
INFO: Run Behavior\BuildLiteBehavior [ RunTime:0.000000s ]
INFO: [ app_init ] --END-- [ RunTime:0.001000s ]
ERR: 无法加载模块:Sugg

[ 2018-08-29T16:25:34+08:00 ] 127.0.0.1 http://s.wisdom.www.sogou.com/sugg?ifc=4&em=4
INFO: [ app_init ] --START--
INFO: Run Behavior\BuildLiteBehavior [ RunTime:0.000000s ]
INFO: [ app_init ] --END-- [ RunTime:0.001000s ]
ERR: 无法加载模块:Sugg

[ 2018-08-29T16:25:35+08:00 ] 127.0.0.1 http://s.wisdom.www.sogou.com/sugg?ifc=4&em=4
INFO: [ app_init ] --START--
INFO: Run Behavior\BuildLiteBehavior [ RunTime:0.000000s ]
INFO: [ app_init ] --END-- [ RunTime:0.001000s ]
ERR: 无法加载模块:Sugg

[ 2018-08-29T16:25:36+08:00 ] 127.0.0.1 http://s.wisdom.www.sogou.com/sugg?ifc=4&em=4
INFO: [ app_init ] --START--
INFO: Run Behavior\BuildLiteBehavior [ RunTime:0.000000s ]
INFO: [ app_init ] --END-- [ RunTime:0.000000s ]
ERR: 无法加载模块:Sugg

[ 2018-08-29T16:25:36+08:00 ] 127.0.0.1 http://s.wisdom.www.sogou.com/sugg?ifc=4&em=4
INFO: [ app_init ] --START--
INFO: Run Behavior\BuildLiteBehavior [ RunTime:0.000000s ]
INFO: [ app_init ] --END-- [ RunTime:0.001000s ]
ERR: 无法加载模块:Sugg

[ 2018-08-29T16:25:37+08:00 ] 127.0.0.1 http://s.wisdom.www.sogou.com/sugg?ifc=4&em=4
INFO: [ app_init ] --START--
INFO: Run Behavior\BuildLiteBehavior [ RunTime:0.000000s ]
INFO: [ app_init ] --END-- [ RunTime:0.001000s ]
ERR: 无法加载模块:Sugg

[ 2018-08-29T16:31:51+08:00 ] 127.0.0.1 http://s.wisdom.www.sogou.com/sugg?ifc=4&em=4
INFO: [ app_init ] --START--
INFO: Run Behavior\BuildLiteBehavior [ RunTime:0.000000s ]
INFO: [ app_init ] --END-- [ RunTime:0.000000s ]
ERR: 无法加载模块:Sugg

[ 2018-08-29T16:31:51+08:00 ] 127.0.0.1 http://s.wisdom.www.sogou.com/sugg?ifc=4&em=4
INFO: [ app_init ] --START--
INFO: Run Behavior\BuildLiteBehavior [ RunTime:0.000000s ]
INFO: [ app_init ] --END-- [ RunTime:0.001000s ]
ERR: 无法加载模块:Sugg

[ 2018-08-29T16:31:52+08:00 ] 127.0.0.1 http://s.wisdom.www.sogou.com/sugg?ifc=4&em=4
INFO: [ app_init ] --START--
INFO: Run Behavior\BuildLiteBehavior [ RunTime:0.000000s ]
INFO: [ app_init ] --END-- [ RunTime:0.000000s ]
ERR: 无法加载模块:Sugg

[ 2018-08-29T16:31:52+08:00 ] 127.0.0.1 http://s.wisdom.www.sogou.com/sugg?ifc=4&em=4
INFO: [ app_init ] --START--
INFO: Run Behavior\BuildLiteBehavior [ RunTime:0.000000s ]
INFO: [ app_init ] --END-- [ RunTime:0.001001s ]
ERR: 无法加载模块:Sugg

[ 2018-08-29T16:31:52+08:00 ] 127.0.0.1 http://s.wisdom.www.sogou.com/sugg?ifc=4&em=4
INFO: [ app_init ] --START--
INFO: Run Behavior\BuildLiteBehavior [ RunTime:0.000000s ]
INFO: [ app_init ] --END-- [ RunTime:0.000000s ]
ERR: 无法加载模块:Sugg

[ 2018-08-29T16:31:53+08:00 ] 127.0.0.1 http://s.wisdom.www.sogou.com/sugg?ifc=4&em=4
INFO: [ app_init ] --START--
INFO: Run Behavior\BuildLiteBehavior [ RunTime:0.000000s ]
INFO: [ app_init ] --END-- [ RunTime:0.001001s ]
ERR: 无法加载模块:Sugg

[ 2018-08-29T16:31:54+08:00 ] 127.0.0.1 http://s.wisdom.www.sogou.com/sugg?ifc=4&em=4
INFO: [ app_init ] --START--
INFO: Run Behavior\BuildLiteBehavior [ RunTime:0.000000s ]
INFO: [ app_init ] --END-- [ RunTime:0.000000s ]
ERR: 无法加载模块:Sugg

[ 2018-08-29T16:31:54+08:00 ] 127.0.0.1 http://s.wisdom.www.sogou.com/sugg?ifc=4&em=4
INFO: [ app_init ] --START--
INFO: Run Behavior\BuildLiteBehavior [ RunTime:0.000000s ]
INFO: [ app_init ] --END-- [ RunTime:0.000000s ]
ERR: 无法加载模块:Sugg

[ 2018-08-29T16:31:54+08:00 ] 127.0.0.1 http://s.wisdom.www.sogou.com/sugg?ifc=4&em=4
INFO: [ app_init ] --START--
INFO: Run Behavior\BuildLiteBehavior [ RunTime:0.000000s ]
INFO: [ app_init ] --END-- [ RunTime:0.001000s ]
ERR: 无法加载模块:Sugg

[ 2018-08-29T16:31:54+08:00 ] 127.0.0.1 http://s.wisdom.www.sogou.com/sugg?ifc=4&em=4
INFO: [ app_init ] --START--
INFO: Run Behavior\BuildLiteBehavior [ RunTime:0.001000s ]
INFO: [ app_init ] --END-- [ RunTime:0.001000s ]
ERR: 无法加载模块:Sugg

[ 2018-08-29T16:31:54+08:00 ] 127.0.0.1 http://s.wisdom.www.sogou.com/sugg?ifc=4&em=4
INFO: [ app_init ] --START--
INFO: Run Behavior\BuildLiteBehavior [ RunTime:0.000000s ]
INFO: [ app_init ] --END-- [ RunTime:0.000000s ]
ERR: 无法加载模块:Sugg

[ 2018-08-29T16:35:21+08:00 ] 127.0.0.1 http://s.wisdom.www.sogou.com/sugg?ifc=4&em=4
INFO: [ app_init ] --START--
INFO: Run Behavior\BuildLiteBehavior [ RunTime:0.000000s ]
INFO: [ app_init ] --END-- [ RunTime:0.001000s ]
ERR: 无法加载模块:Sugg

[ 2018-08-29T16:35:21+08:00 ] 127.0.0.1 http://s.wisdom.www.sogou.com/sugg?ifc=4&em=4
INFO: [ app_init ] --START--
INFO: Run Behavior\BuildLiteBehavior [ RunTime:0.000000s ]
INFO: [ app_init ] --END-- [ RunTime:0.001000s ]
ERR: 无法加载模块:Sugg

[ 2018-08-29T16:35:22+08:00 ] 127.0.0.1 http://s.wisdom.www.sogou.com/sugg?ifc=4&em=4
INFO: [ app_init ] --START--
INFO: Run Behavior\BuildLiteBehavior [ RunTime:0.000000s ]
INFO: [ app_init ] --END-- [ RunTime:0.001000s ]
ERR: 无法加载模块:Sugg

