[ 2018-09-03T14:25:21+08:00 ] ::1 /favicon.ico
INFO: [ app_init ] --START--
INFO: Run Behavior\BuildLiteBehavior [ RunTime:0.000000s ]
INFO: [ app_init ] --END-- [ RunTime:0.001000s ]
ERR: 无法加载模块:Favicon

[ 2018-09-03T15:53:15+08:00 ] ::1 /index/getCommonList?mapping=hz&commonName=new_index_class_b_2
INFO: [ app_init ] --START--
INFO: Run Behavior\BuildLiteBehavior [ RunTime:0.000000s ]
INFO: [ app_init ] --END-- [ RunTime:0.001000s ]
ERR: 无法加载模块:GetCommonList

[ 2018-09-03T15:53:15+08:00 ] ::1 /index/getCommonList?mapping=hz&commonName=new_index_class_b_1
INFO: [ app_init ] --START--
INFO: Run Behavior\BuildLiteBehavior [ RunTime:0.000000s ]
INFO: [ app_init ] --END-- [ RunTime:0.000000s ]
ERR: 无法加载模块:GetCommonList

[ 2018-09-03T15:53:15+08:00 ] ::1 /index/getCommonList?mapping=hz&commonName=new_index_class_b_3
INFO: [ app_init ] --START--
INFO: Run Behavior\BuildLiteBehavior [ RunTime:0.000000s ]
INFO: [ app_init ] --END-- [ RunTime:0.001000s ]
ERR: 无法加载模块:GetCommonList

[ 2018-09-03T15:53:15+08:00 ] ::1 /index/getCommonList?mapping=hz&commonName=new_index_class_b_4
INFO: [ app_init ] --START--
INFO: Run Behavior\BuildLiteBehavior [ RunTime:0.000000s ]
INFO: [ app_init ] --END-- [ RunTime:0.001000s ]
ERR: 无法加载模块:GetCommonList

[ 2018-09-03T15:53:15+08:00 ] ::1 /index/getCommonList?mapping=hz&commonName=e_girl
INFO: [ app_init ] --START--
INFO: Run Behavior\BuildLiteBehavior [ RunTime:0.000000s ]
INFO: [ app_init ] --END-- [ RunTime:0.001000s ]
ERR: 无法加载模块:GetCommonList

[ 2018-09-03T15:53:15+08:00 ] ::1 /filehandle/collection.html?Option=GetCollectInfo&q_type=1&q_CollectionId=958
INFO: [ app_init ] --START--
INFO: Run Behavior\BuildLiteBehavior [ RunTime:0.000000s ]
INFO: [ app_init ] --END-- [ RunTime:0.001000s ]
ERR: 无法加载模块:Filehandle

[ 2018-09-03T15:53:15+08:00 ] ::1 /product/getProductExternalLinks?OptionType=GetDescription_ImgContent&productid=670922
INFO: [ app_init ] --START--
INFO: Run Behavior\BuildLiteBehavior [ RunTime:0.000000s ]
INFO: [ app_init ] --END-- [ RunTime:0.007000s ]
ERR: 无法加载模块:Product

[ 2018-09-03T15:53:15+08:00 ] ::1 /product/getUploadAndDownloadCount?productid=670922&OptionType=GetUploadAndDownloadCount
INFO: [ app_init ] --START--
INFO: Run Behavior\BuildLiteBehavior [ RunTime:0.000000s ]
INFO: [ app_init ] --END-- [ RunTime:0.000000s ]
ERR: 无法加载模块:Product

[ 2018-09-03T15:53:15+08:00 ] ::1 /filehandle/collection.html?Option=GetCollectInfo&q_type=2&q_CollectionId=670922
INFO: [ app_init ] --START--
INFO: Run Behavior\BuildLiteBehavior [ RunTime:0.000000s ]
INFO: [ app_init ] --END-- [ RunTime:0.001000s ]
ERR: 无法加载模块:Filehandle

[ 2018-09-03T15:53:15+08:00 ] ::1 /ftl/productListItemHoverInfo
INFO: [ app_init ] --START--
INFO: Run Behavior\BuildLiteBehavior [ RunTime:0.001000s ]
INFO: [ app_init ] --END-- [ RunTime:0.001000s ]
ERR: 无法加载模块:Ftl

[ 2018-09-03T15:53:15+08:00 ] ::1 /scripts/UploadImage.js
INFO: [ app_init ] --START--
INFO: Run Behavior\BuildLiteBehavior [ RunTime:0.000000s ]
INFO: [ app_init ] --END-- [ RunTime:0.001000s ]
ERR: 无法加载模块:Scripts

[ 2018-09-03T15:53:17+08:00 ] ::1 /productContent/getTopProductListYouLike?OptionType=GetTopProductList_YouLike&cid=145&pid=670922&ad_pid=556468
INFO: [ app_init ] --START--
INFO: Run Behavior\BuildLiteBehavior [ RunTime:0.000000s ]
INFO: [ app_init ] --END-- [ RunTime:0.000000s ]
ERR: 无法加载模块:ProductContent

[ 2018-09-03T16:40:36+08:00 ] ::1 /index/getCommonList?mapping=hz&commonName=new_index_class_b_1
INFO: [ app_init ] --START--
INFO: Run Behavior\BuildLiteBehavior [ RunTime:0.000000s ]
INFO: [ app_init ] --END-- [ RunTime:0.001000s ]
ERR: 无法加载模块:GetCommonList

[ 2018-09-03T16:40:36+08:00 ] ::1 /index/getCommonList?mapping=hz&commonName=new_index_class_b_2
INFO: [ app_init ] --START--
INFO: Run Behavior\BuildLiteBehavior [ RunTime:0.001000s ]
INFO: [ app_init ] --END-- [ RunTime:0.001000s ]
ERR: 无法加载模块:GetCommonList

[ 2018-09-03T16:40:36+08:00 ] ::1 /index/getCommonList?mapping=hz&commonName=new_index_class_b_4
INFO: [ app_init ] --START--
INFO: Run Behavior\BuildLiteBehavior [ RunTime:0.000000s ]
INFO: [ app_init ] --END-- [ RunTime:0.000000s ]
ERR: 无法加载模块:GetCommonList

[ 2018-09-03T16:40:36+08:00 ] ::1 /index/getCommonList?mapping=hz&commonName=new_index_class_b_3
INFO: [ app_init ] --START--
INFO: Run Behavior\BuildLiteBehavior [ RunTime:0.000000s ]
INFO: [ app_init ] --END-- [ RunTime:0.001000s ]
ERR: 无法加载模块:GetCommonList

[ 2018-09-03T16:40:36+08:00 ] ::1 /index/getCommonList?mapping=hz&commonName=e_girl
INFO: [ app_init ] --START--
INFO: Run Behavior\BuildLiteBehavior [ RunTime:0.000000s ]
INFO: [ app_init ] --END-- [ RunTime:0.001000s ]
ERR: 无法加载模块:GetCommonList

[ 2018-09-03T16:40:36+08:00 ] ::1 /product/getProductExternalLinks?OptionType=GetDescription_ImgContent&productid=670922
INFO: [ app_init ] --START--
INFO: Run Behavior\BuildLiteBehavior [ RunTime:0.000000s ]
INFO: [ app_init ] --END-- [ RunTime:0.001000s ]
ERR: 无法加载模块:Product

[ 2018-09-03T16:40:36+08:00 ] ::1 /product/getUploadAndDownloadCount?productid=670922&OptionType=GetUploadAndDownloadCount
INFO: [ app_init ] --START--
INFO: Run Behavior\BuildLiteBehavior [ RunTime:0.000000s ]
INFO: [ app_init ] --END-- [ RunTime:0.001000s ]
ERR: 无法加载模块:Product

[ 2018-09-03T16:40:36+08:00 ] ::1 /filehandle/collection.html?Option=GetCollectInfo&q_type=2&q_CollectionId=670922
INFO: [ app_init ] --START--
INFO: Run Behavior\BuildLiteBehavior [ RunTime:0.000000s ]
INFO: [ app_init ] --END-- [ RunTime:0.000000s ]
ERR: 无法加载模块:Filehandle

[ 2018-09-03T16:40:36+08:00 ] ::1 /ftl/productListItemHoverInfo
INFO: [ app_init ] --START--
INFO: Run Behavior\BuildLiteBehavior [ RunTime:0.000000s ]
INFO: [ app_init ] --END-- [ RunTime:0.000000s ]
ERR: 无法加载模块:Ftl

[ 2018-09-03T16:40:36+08:00 ] ::1 /filehandle/collection.html?Option=GetCollectInfo&q_type=1&q_CollectionId=958
INFO: [ app_init ] --START--
INFO: Run Behavior\BuildLiteBehavior [ RunTime:0.000000s ]
INFO: [ app_init ] --END-- [ RunTime:0.000000s ]
ERR: 无法加载模块:Filehandle

[ 2018-09-03T16:40:37+08:00 ] ::1 /scripts/UploadImage.js
INFO: [ app_init ] --START--
INFO: Run Behavior\BuildLiteBehavior [ RunTime:0.000000s ]
INFO: [ app_init ] --END-- [ RunTime:0.001000s ]
ERR: 无法加载模块:Scripts

